app/build/intermediates/manifest_merge_blame_file/debug/processDebugMainManifest/manifest-merger-blame-debug-report.txt
1<?xml version="1.0" encoding="utf-8"?>
2<manifest xmlns:android="http://schemas.android.com/apk/res/android"
3    package="com.example.myapplication"
4    android:versionCode="1"
5    android:versionName="1.0" > <!-- FORZAR override para librerías con minSdk mayor - DEBE IR AQUÍ, DENTRO DE MANIFEST -->
6    <uses-sdk
6-->src\main\AndroidManifest.xml:19:5-77
7        android:minSdkVersion="28"
8        android:targetSdkVersion="36" />
9
10    <!-- Permisos (cada uno UNA sola vez) -->
11    <uses-permission android:name="android.permission.INTERNET" />
11-->src\main\AndroidManifest.xml:6:5-67
11-->src\main\AndroidManifest.xml:6:22-64
12    <uses-permission android:name="android.permission.ACCESS_FINE_LOCATION" />
12-->src\main\AndroidManifest.xml:7:5-79
12-->src\main\AndroidManifest.xml:7:22-76
13    <uses-permission android:name="android.permission.ACCESS_COARSE_LOCATION" />
13-->src\main\AndroidManifest.xml:8:5-81
13-->src\main\AndroidManifest.xml:8:22-78
14    <uses-permission android:name="android.permission.CAMERA" />
14-->src\main\AndroidManifest.xml:9:5-65
14-->src\main\AndroidManifest.xml:9:22-62
15    <uses-permission android:name="android.permission.ACTIVITY_RECOGNITION" />
15-->src\main\AndroidManifest.xml:10:5-79
15-->src\main\AndroidManifest.xml:10:22-76
16    <uses-permission android:name="android.permission.USE_BIOMETRIC" />
16-->src\main\AndroidManifest.xml:11:5-72
16-->src\main\AndroidManifest.xml:11:22-69
17    <uses-permission android:name="android.permission.USE_FINGERPRINT" />
17-->src\main\AndroidManifest.xml:12:5-74
17-->src\main\AndroidManifest.xml:12:22-71
18
19    <uses-feature
19-->src\main\AndroidManifest.xml:14:5-16:36
20        android:name="android.hardware.camera"
20-->src\main\AndroidManifest.xml:15:9-47
21        android:required="false" />
21-->src\main\AndroidManifest.xml:16:9-33
22
23    <uses-permission android:name="android.permission.ACCESS_NETWORK_STATE" />
23-->[com.google.firebase:firebase-auth:23.1.0] AndroidManifest.xml:26:5-79
23-->[com.google.firebase:firebase-auth:23.1.0] AndroidManifest.xml:26:22-76
24
25    <uses-feature
25-->[com.google.android.gms:play-services-maps:18.2.0] AndroidManifest.xml:26:5-28:35
26        android:glEsVersion="0x00020000"
26-->[com.google.android.gms:play-services-maps:18.2.0] AndroidManifest.xml:27:9-41
27        android:required="true" />
27-->[com.google.android.gms:play-services-maps:18.2.0] AndroidManifest.xml:28:9-32
28
29    <queries>
29-->[com.google.android.gms:play-services-maps:18.2.0] AndroidManifest.xml:30:5-34:15
30
31        <!-- Needs to be explicitly declared on Android R+ -->
32        <package android:name="com.google.android.apps.maps" />
32-->[com.google.android.gms:play-services-maps:18.2.0] AndroidManifest.xml:33:9-64
32-->[com.google.android.gms:play-services-maps:18.2.0] AndroidManifest.xml:33:18-61
33    </queries>
34
35    <uses-permission android:name="android.permission.WAKE_LOCK" />
35-->[com.google.android.gms:play-services-measurement:22.1.2] AndroidManifest.xml:25:5-68
35-->[com.google.android.gms:play-services-measurement:22.1.2] AndroidManifest.xml:25:22-65
36    <uses-permission android:name="com.google.android.finsky.permission.BIND_GET_INSTALL_REFERRER_SERVICE" />
36-->[com.google.android.gms:play-services-measurement:22.1.2] AndroidManifest.xml:26:5-110
36-->[com.google.android.gms:play-services-measurement:22.1.2] AndroidManifest.xml:26:22-107
37    <uses-permission android:name="com.google.android.gms.permission.AD_ID" />
37-->[com.google.android.gms:play-services-measurement-impl:22.1.2] AndroidManifest.xml:27:5-79
37-->[com.google.android.gms:play-services-measurement-impl:22.1.2] AndroidManifest.xml:27:22-76
38    <uses-permission android:name="android.permission.ACCESS_ADSERVICES_ATTRIBUTION" />
38-->[com.google.android.gms:play-services-measurement-api:22.1.2] AndroidManifest.xml:26:5-88
38-->[com.google.android.gms:play-services-measurement-api:22.1.2] AndroidManifest.xml:26:22-85
39    <uses-permission android:name="android.permission.ACCESS_ADSERVICES_AD_ID" />
39-->[com.google.android.gms:play-services-measurement-api:22.1.2] AndroidManifest.xml:27:5-82
39-->[com.google.android.gms:play-services-measurement-api:22.1.2] AndroidManifest.xml:27:22-79
40    <uses-permission android:name="com.google.android.providers.gsf.permission.READ_GSERVICES" />
40-->[com.google.android.recaptcha:recaptcha:18.5.1] AndroidManifest.xml:9:5-98
40-->[com.google.android.recaptcha:recaptcha:18.5.1] AndroidManifest.xml:9:22-95
41
42    <permission
42-->[androidx.core:core:1.17.0] AndroidManifest.xml:22:5-24:47
43        android:name="com.example.myapplication.DYNAMIC_RECEIVER_NOT_EXPORTED_PERMISSION"
43-->[androidx.core:core:1.17.0] AndroidManifest.xml:23:9-81
44        android:protectionLevel="signature" />
44-->[androidx.core:core:1.17.0] AndroidManifest.xml:24:9-44
45
46    <uses-permission android:name="com.example.myapplication.DYNAMIC_RECEIVER_NOT_EXPORTED_PERMISSION" />
46-->[androidx.core:core:1.17.0] AndroidManifest.xml:26:5-97
46-->[androidx.core:core:1.17.0] AndroidManifest.xml:26:22-94
47
48    <supports-screens
48-->[org.osmdroid:osmdroid-android:6.1.20] AndroidManifest.xml:9:5-12:40
49        android:anyDensity="true"
49-->[org.osmdroid:osmdroid-android:6.1.20] AndroidManifest.xml:10:9-34
50        android:largeScreens="true"
50-->[org.osmdroid:osmdroid-android:6.1.20] AndroidManifest.xml:11:9-36
51        android:normalScreens="true" />
51-->[org.osmdroid:osmdroid-android:6.1.20] AndroidManifest.xml:12:9-37
52
53    <uses-feature
53-->[org.osmdroid:osmdroid-android:6.1.20] AndroidManifest.xml:14:5-16:36
54        android:name="android.hardware.location.network"
54-->[org.osmdroid:osmdroid-android:6.1.20] AndroidManifest.xml:15:9-57
55        android:required="false" />
55-->[org.osmdroid:osmdroid-android:6.1.20] AndroidManifest.xml:16:9-33
56    <uses-feature
56-->[org.osmdroid:osmdroid-android:6.1.20] AndroidManifest.xml:17:5-19:36
57        android:name="android.hardware.location.gps"
57-->[org.osmdroid:osmdroid-android:6.1.20] AndroidManifest.xml:18:9-53
58        android:required="false" />
58-->[org.osmdroid:osmdroid-android:6.1.20] AndroidManifest.xml:19:9-33
59    <uses-feature
59-->[org.osmdroid:osmdroid-android:6.1.20] AndroidManifest.xml:20:5-22:36
60        android:name="android.hardware.telephony"
60-->[org.osmdroid:osmdroid-android:6.1.20] AndroidManifest.xml:21:9-50
61        android:required="false" />
61-->[org.osmdroid:osmdroid-android:6.1.20] AndroidManifest.xml:22:9-33
62    <uses-feature
62-->[org.osmdroid:osmdroid-android:6.1.20] AndroidManifest.xml:23:5-25:36
63        android:name="android.hardware.wifi"
63-->[org.osmdroid:osmdroid-android:6.1.20] AndroidManifest.xml:24:9-45
64        android:required="false" />
64-->[org.osmdroid:osmdroid-android:6.1.20] AndroidManifest.xml:25:9-33
65
66    <application
66-->src\main\AndroidManifest.xml:21:5-60:19
67        android:allowBackup="true"
67-->src\main\AndroidManifest.xml:22:9-35
68        android:appComponentFactory="androidx.core.app.CoreComponentFactory"
68-->[androidx.core:core:1.17.0] AndroidManifest.xml:28:18-86
69        android:dataExtractionRules="@xml/data_extraction_rules"
69-->src\main\AndroidManifest.xml:23:9-65
70        android:debuggable="true"
71        android:extractNativeLibs="false"
72        android:fullBackupContent="@xml/backup_rules"
72-->src\main\AndroidManifest.xml:24:9-54
73        android:icon="@mipmap/ic_launcher"
73-->src\main\AndroidManifest.xml:25:9-43
74        android:label="@string/app_name"
74-->src\main\AndroidManifest.xml:26:9-41
75        android:roundIcon="@mipmap/ic_launcher_round"
75-->src\main\AndroidManifest.xml:27:9-54
76        android:supportsRtl="true"
76-->src\main\AndroidManifest.xml:28:9-35
77        android:testOnly="true"
78        android:theme="@style/Theme.MyApplication" >
78-->src\main\AndroidManifest.xml:29:9-51
79        <meta-data
79-->src\main\AndroidManifest.xml:31:9-33:71
80            android:name="com.google.android.geo.API_KEY"
80-->src\main\AndroidManifest.xml:32:13-58
81            android:value="AIzaSyB60y55WfRS-T06rpBSpKgrjqGVEZPZZgw" />
81-->src\main\AndroidManifest.xml:33:13-68
82
83        <activity
83-->src\main\AndroidManifest.xml:35:9-38:40
84            android:name="com.google.android.gms.common.api.GoogleApiActivity"
84-->src\main\AndroidManifest.xml:36:13-79
85            android:exported="false"
85-->src\main\AndroidManifest.xml:38:13-37
86            android:theme="@android:style/Theme.Translucent.NoTitleBar" />
86-->src\main\AndroidManifest.xml:37:13-72
87        <activity
87-->src\main\AndroidManifest.xml:40:9-49:20
88            android:name="com.example.myapplication.MainActivity"
88-->src\main\AndroidManifest.xml:41:13-41
89            android:exported="true"
89-->src\main\AndroidManifest.xml:42:13-36
90            android:label="@string/app_name"
90-->src\main\AndroidManifest.xml:43:13-45
91            android:theme="@style/Theme.AppCompat.Light.NoActionBar" >
91-->src\main\AndroidManifest.xml:44:13-69
92            <intent-filter>
92-->src\main\AndroidManifest.xml:45:13-48:29
93                <action android:name="android.intent.action.MAIN" />
93-->src\main\AndroidManifest.xml:46:17-69
93-->src\main\AndroidManifest.xml:46:25-66
94
95                <category android:name="android.intent.category.LAUNCHER" />
95-->src\main\AndroidManifest.xml:47:17-77
95-->src\main\AndroidManifest.xml:47:27-74
96            </intent-filter>
97        </activity>
98
99        <provider
100            android:name="androidx.core.content.FileProvider"
100-->src\main\AndroidManifest.xml:52:13-62
101            android:authorities="com.example.myapplication.fileprovider"
101-->src\main\AndroidManifest.xml:53:13-64
102            android:exported="false"
102-->src\main\AndroidManifest.xml:54:13-37
103            android:grantUriPermissions="true" >
103-->src\main\AndroidManifest.xml:55:13-47
104            <meta-data
104-->src\main\AndroidManifest.xml:56:13-58:54
105                android:name="android.support.FILE_PROVIDER_PATHS"
105-->src\main\AndroidManifest.xml:57:17-67
106                android:resource="@xml/file_paths" />
106-->src\main\AndroidManifest.xml:58:17-51
107        </provider>
108
109        <service
109-->[androidx.camera:camera-camera2:1.3.0] AndroidManifest.xml:24:9-33:19
110            android:name="androidx.camera.core.impl.MetadataHolderService"
110-->[androidx.camera:camera-camera2:1.3.0] AndroidManifest.xml:25:13-75
111            android:enabled="false"
111-->[androidx.camera:camera-camera2:1.3.0] AndroidManifest.xml:26:13-36
112            android:exported="false" >
112-->[androidx.camera:camera-camera2:1.3.0] AndroidManifest.xml:27:13-37
113            <meta-data
113-->[androidx.camera:camera-camera2:1.3.0] AndroidManifest.xml:30:13-32:89
114                android:name="androidx.camera.core.impl.MetadataHolderService.DEFAULT_CONFIG_PROVIDER"
114-->[androidx.camera:camera-camera2:1.3.0] AndroidManifest.xml:31:17-103
115                android:value="androidx.camera.camera2.Camera2Config$DefaultProvider" />
115-->[androidx.camera:camera-camera2:1.3.0] AndroidManifest.xml:32:17-86
116        </service>
117
118        <activity
118-->[com.google.firebase:firebase-auth:23.1.0] AndroidManifest.xml:29:9-46:20
119            android:name="com.google.firebase.auth.internal.GenericIdpActivity"
119-->[com.google.firebase:firebase-auth:23.1.0] AndroidManifest.xml:30:13-80
120            android:excludeFromRecents="true"
120-->[com.google.firebase:firebase-auth:23.1.0] AndroidManifest.xml:31:13-46
121            android:exported="true"
121-->[com.google.firebase:firebase-auth:23.1.0] AndroidManifest.xml:32:13-36
122            android:launchMode="singleTask"
122-->[com.google.firebase:firebase-auth:23.1.0] AndroidManifest.xml:33:13-44
123            android:theme="@android:style/Theme.Translucent.NoTitleBar" >
123-->[com.google.firebase:firebase-auth:23.1.0] AndroidManifest.xml:34:13-72
124            <intent-filter>
124-->[com.google.firebase:firebase-auth:23.1.0] AndroidManifest.xml:35:13-45:29
125                <action android:name="android.intent.action.VIEW" />
125-->[com.google.firebase:firebase-auth:23.1.0] AndroidManifest.xml:36:17-69
125-->[com.google.firebase:firebase-auth:23.1.0] AndroidManifest.xml:36:25-66
126
127                <category android:name="android.intent.category.DEFAULT" />
127-->[com.google.firebase:firebase-auth:23.1.0] AndroidManifest.xml:38:17-76
127-->[com.google.firebase:firebase-auth:23.1.0] AndroidManifest.xml:38:27-73
128                <category android:name="android.intent.category.BROWSABLE" />
128-->[com.google.firebase:firebase-auth:23.1.0] AndroidManifest.xml:39:17-78
128-->[com.google.firebase:firebase-auth:23.1.0] AndroidManifest.xml:39:27-75
129
130                <data
130-->[com.google.firebase:firebase-auth:23.1.0] AndroidManifest.xml:41:17-44:51
131                    android:host="firebase.auth"
131-->[com.google.firebase:firebase-auth:23.1.0] AndroidManifest.xml:42:21-49
132                    android:path="/"
132-->[com.google.firebase:firebase-auth:23.1.0] AndroidManifest.xml:43:21-37
133                    android:scheme="genericidp" />
133-->[com.google.firebase:firebase-auth:23.1.0] AndroidManifest.xml:44:21-48
134            </intent-filter>
135        </activity>
136        <activity
136-->[com.google.firebase:firebase-auth:23.1.0] AndroidManifest.xml:47:9-64:20
137            android:name="com.google.firebase.auth.internal.RecaptchaActivity"
137-->[com.google.firebase:firebase-auth:23.1.0] AndroidManifest.xml:48:13-79
138            android:excludeFromRecents="true"
138-->[com.google.firebase:firebase-auth:23.1.0] AndroidManifest.xml:49:13-46
139            android:exported="true"
139-->[com.google.firebase:firebase-auth:23.1.0] AndroidManifest.xml:50:13-36
140            android:launchMode="singleTask"
140-->[com.google.firebase:firebase-auth:23.1.0] AndroidManifest.xml:51:13-44
141            android:theme="@android:style/Theme.Translucent.NoTitleBar" >
141-->[com.google.firebase:firebase-auth:23.1.0] AndroidManifest.xml:52:13-72
142            <intent-filter>
142-->[com.google.firebase:firebase-auth:23.1.0] AndroidManifest.xml:53:13-63:29
143                <action android:name="android.intent.action.VIEW" />
143-->[com.google.firebase:firebase-auth:23.1.0] AndroidManifest.xml:36:17-69
143-->[com.google.firebase:firebase-auth:23.1.0] AndroidManifest.xml:36:25-66
144
145                <category android:name="android.intent.category.DEFAULT" />
145-->[com.google.firebase:firebase-auth:23.1.0] AndroidManifest.xml:38:17-76
145-->[com.google.firebase:firebase-auth:23.1.0] AndroidManifest.xml:38:27-73
146                <category android:name="android.intent.category.BROWSABLE" />
146-->[com.google.firebase:firebase-auth:23.1.0] AndroidManifest.xml:39:17-78
146-->[com.google.firebase:firebase-auth:23.1.0] AndroidManifest.xml:39:27-75
147
148                <data
148-->[com.google.firebase:firebase-auth:23.1.0] AndroidManifest.xml:41:17-44:51
149                    android:host="firebase.auth"
149-->[com.google.firebase:firebase-auth:23.1.0] AndroidManifest.xml:42:21-49
150                    android:path="/"
150-->[com.google.firebase:firebase-auth:23.1.0] AndroidManifest.xml:43:21-37
151                    android:scheme="recaptcha" />
151-->[com.google.firebase:firebase-auth:23.1.0] AndroidManifest.xml:44:21-48
152            </intent-filter>
153        </activity>
154
155        <service
155-->[com.google.firebase:firebase-auth:23.1.0] AndroidManifest.xml:66:9-72:19
156            android:name="com.google.firebase.components.ComponentDiscoveryService"
156-->[com.google.firebase:firebase-auth:23.1.0] AndroidManifest.xml:67:13-84
157            android:directBootAware="true"
157-->[com.google.firebase:firebase-common:21.0.0] AndroidManifest.xml:32:13-43
158            android:exported="false" >
158-->[com.google.firebase:firebase-auth:23.1.0] AndroidManifest.xml:68:13-37
159            <meta-data
159-->[com.google.firebase:firebase-auth:23.1.0] AndroidManifest.xml:69:13-71:85
160                android:name="com.google.firebase.components:com.google.firebase.auth.FirebaseAuthRegistrar"
160-->[com.google.firebase:firebase-auth:23.1.0] AndroidManifest.xml:70:17-109
161                android:value="com.google.firebase.components.ComponentRegistrar" />
161-->[com.google.firebase:firebase-auth:23.1.0] AndroidManifest.xml:71:17-82
162            <meta-data
162-->[com.google.firebase:firebase-firestore:25.1.1] AndroidManifest.xml:17:13-19:85
163                android:name="com.google.firebase.components:com.google.firebase.firestore.FirebaseFirestoreKtxRegistrar"
163-->[com.google.firebase:firebase-firestore:25.1.1] AndroidManifest.xml:18:17-122
164                android:value="com.google.firebase.components.ComponentRegistrar" />
164-->[com.google.firebase:firebase-firestore:25.1.1] AndroidManifest.xml:19:17-82
165            <meta-data
165-->[com.google.firebase:firebase-firestore:25.1.1] AndroidManifest.xml:20:13-22:85
166                android:name="com.google.firebase.components:com.google.firebase.firestore.FirestoreRegistrar"
166-->[com.google.firebase:firebase-firestore:25.1.1] AndroidManifest.xml:21:17-111
167                android:value="com.google.firebase.components.ComponentRegistrar" />
167-->[com.google.firebase:firebase-firestore:25.1.1] AndroidManifest.xml:22:17-82
168            <meta-data
168-->[com.google.firebase:firebase-storage:21.0.1] AndroidManifest.xml:30:13-32:85
169                android:name="com.google.firebase.components:com.google.firebase.storage.FirebaseStorageKtxRegistrar"
169-->[com.google.firebase:firebase-storage:21.0.1] AndroidManifest.xml:31:17-118
170                android:value="com.google.firebase.components.ComponentRegistrar" />
170-->[com.google.firebase:firebase-storage:21.0.1] AndroidManifest.xml:32:17-82
171            <meta-data
171-->[com.google.firebase:firebase-storage:21.0.1] AndroidManifest.xml:33:13-35:85
172                android:name="com.google.firebase.components:com.google.firebase.storage.StorageRegistrar"
172-->[com.google.firebase:firebase-storage:21.0.1] AndroidManifest.xml:34:17-107
173                android:value="com.google.firebase.components.ComponentRegistrar" />
173-->[com.google.firebase:firebase-storage:21.0.1] AndroidManifest.xml:35:17-82
174            <meta-data
174-->[com.google.firebase:firebase-database-ktx:21.0.0] AndroidManifest.xml:12:13-14:85
175                android:name="com.google.firebase.components:com.google.firebase.database.ktx.FirebaseDatabaseLegacyRegistrar"
175-->[com.google.firebase:firebase-database-ktx:21.0.0] AndroidManifest.xml:13:17-127
176                android:value="com.google.firebase.components.ComponentRegistrar" />
176-->[com.google.firebase:firebase-database-ktx:21.0.0] AndroidManifest.xml:14:17-82
177            <meta-data
177-->[com.google.firebase:firebase-database:21.0.0] AndroidManifest.xml:29:13-31:85
178                android:name="com.google.firebase.components:com.google.firebase.database.FirebaseDatabaseKtxRegistrar"
178-->[com.google.firebase:firebase-database:21.0.0] AndroidManifest.xml:30:17-120
179                android:value="com.google.firebase.components.ComponentRegistrar" />
179-->[com.google.firebase:firebase-database:21.0.0] AndroidManifest.xml:31:17-82
180            <meta-data
180-->[com.google.firebase:firebase-database:21.0.0] AndroidManifest.xml:32:13-34:85
181                android:name="com.google.firebase.components:com.google.firebase.database.DatabaseRegistrar"
181-->[com.google.firebase:firebase-database:21.0.0] AndroidManifest.xml:33:17-109
182                android:value="com.google.firebase.components.ComponentRegistrar" />
182-->[com.google.firebase:firebase-database:21.0.0] AndroidManifest.xml:34:17-82
183            <meta-data
183-->[com.google.firebase:firebase-appcheck:18.0.0] AndroidManifest.xml:25:13-27:85
184                android:name="com.google.firebase.components:com.google.firebase.appcheck.FirebaseAppCheckKtxRegistrar"
184-->[com.google.firebase:firebase-appcheck:18.0.0] AndroidManifest.xml:26:17-120
185                android:value="com.google.firebase.components.ComponentRegistrar" />
185-->[com.google.firebase:firebase-appcheck:18.0.0] AndroidManifest.xml:27:17-82
186            <meta-data
186-->[com.google.firebase:firebase-appcheck:18.0.0] AndroidManifest.xml:28:13-30:85
187                android:name="com.google.firebase.components:com.google.firebase.appcheck.FirebaseAppCheckRegistrar"
187-->[com.google.firebase:firebase-appcheck:18.0.0] AndroidManifest.xml:29:17-117
188                android:value="com.google.firebase.components.ComponentRegistrar" />
188-->[com.google.firebase:firebase-appcheck:18.0.0] AndroidManifest.xml:30:17-82
189            <meta-data
189-->[com.google.android.gms:play-services-measurement-api:22.1.2] AndroidManifest.xml:37:13-39:85
190                android:name="com.google.firebase.components:com.google.firebase.analytics.connector.internal.AnalyticsConnectorRegistrar"
190-->[com.google.android.gms:play-services-measurement-api:22.1.2] AndroidManifest.xml:38:17-139
191                android:value="com.google.firebase.components.ComponentRegistrar" />
191-->[com.google.android.gms:play-services-measurement-api:22.1.2] AndroidManifest.xml:39:17-82
192            <meta-data
192-->[com.google.firebase:firebase-installations:18.0.0] AndroidManifest.xml:15:13-17:85
193                android:name="com.google.firebase.components:com.google.firebase.installations.FirebaseInstallationsKtxRegistrar"
193-->[com.google.firebase:firebase-installations:18.0.0] AndroidManifest.xml:16:17-130
194                android:value="com.google.firebase.components.ComponentRegistrar" />
194-->[com.google.firebase:firebase-installations:18.0.0] AndroidManifest.xml:17:17-82
195            <meta-data
195-->[com.google.firebase:firebase-installations:18.0.0] AndroidManifest.xml:18:13-20:85
196                android:name="com.google.firebase.components:com.google.firebase.installations.FirebaseInstallationsRegistrar"
196-->[com.google.firebase:firebase-installations:18.0.0] AndroidManifest.xml:19:17-127
197                android:value="com.google.firebase.components.ComponentRegistrar" />
197-->[com.google.firebase:firebase-installations:18.0.0] AndroidManifest.xml:20:17-82
198            <meta-data
198-->[com.google.firebase:firebase-common-ktx:21.0.0] AndroidManifest.xml:12:13-14:85
199                android:name="com.google.firebase.components:com.google.firebase.ktx.FirebaseCommonLegacyRegistrar"
199-->[com.google.firebase:firebase-common-ktx:21.0.0] AndroidManifest.xml:13:17-116
200                android:value="com.google.firebase.components.ComponentRegistrar" />
200-->[com.google.firebase:firebase-common-ktx:21.0.0] AndroidManifest.xml:14:17-82
201            <meta-data
201-->[com.google.firebase:firebase-common:21.0.0] AndroidManifest.xml:35:13-37:85
202                android:name="com.google.firebase.components:com.google.firebase.FirebaseCommonKtxRegistrar"
202-->[com.google.firebase:firebase-common:21.0.0] AndroidManifest.xml:36:17-109
203                android:value="com.google.firebase.components.ComponentRegistrar" />
203-->[com.google.firebase:firebase-common:21.0.0] AndroidManifest.xml:37:17-82
204        </service>
205        <service
205-->[androidx.credentials:credentials-play-services-auth:1.2.0-rc01] AndroidManifest.xml:24:9-32:19
206            android:name="androidx.credentials.playservices.CredentialProviderMetadataHolder"
206-->[androidx.credentials:credentials-play-services-auth:1.2.0-rc01] AndroidManifest.xml:25:13-94
207            android:enabled="true"
207-->[androidx.credentials:credentials-play-services-auth:1.2.0-rc01] AndroidManifest.xml:26:13-35
208            android:exported="false" >
208-->[androidx.credentials:credentials-play-services-auth:1.2.0-rc01] AndroidManifest.xml:27:13-37
209            <meta-data
209-->[androidx.credentials:credentials-play-services-auth:1.2.0-rc01] AndroidManifest.xml:29:13-31:104
210                android:name="androidx.credentials.CREDENTIAL_PROVIDER_KEY"
210-->[androidx.credentials:credentials-play-services-auth:1.2.0-rc01] AndroidManifest.xml:30:17-76
211                android:value="androidx.credentials.playservices.CredentialProviderPlayServicesImpl" />
211-->[androidx.credentials:credentials-play-services-auth:1.2.0-rc01] AndroidManifest.xml:31:17-101
212        </service>
213
214        <activity
214-->[androidx.credentials:credentials-play-services-auth:1.2.0-rc01] AndroidManifest.xml:34:9-41:20
215            android:name="androidx.credentials.playservices.HiddenActivity"
215-->[androidx.credentials:credentials-play-services-auth:1.2.0-rc01] AndroidManifest.xml:35:13-76
216            android:configChanges="orientation|screenSize|screenLayout|keyboardHidden"
216-->[androidx.credentials:credentials-play-services-auth:1.2.0-rc01] AndroidManifest.xml:36:13-87
217            android:enabled="true"
217-->[androidx.credentials:credentials-play-services-auth:1.2.0-rc01] AndroidManifest.xml:37:13-35
218            android:exported="false"
218-->[androidx.credentials:credentials-play-services-auth:1.2.0-rc01] AndroidManifest.xml:38:13-37
219            android:fitsSystemWindows="true"
219-->[androidx.credentials:credentials-play-services-auth:1.2.0-rc01] AndroidManifest.xml:39:13-45
220            android:theme="@style/Theme.Hidden" >
220-->[androidx.credentials:credentials-play-services-auth:1.2.0-rc01] AndroidManifest.xml:40:13-48
221        </activity>
222        <activity
222-->[com.google.android.gms:play-services-auth:21.2.0] AndroidManifest.xml:23:9-27:75
223            android:name="com.google.android.gms.auth.api.signin.internal.SignInHubActivity"
223-->[com.google.android.gms:play-services-auth:21.2.0] AndroidManifest.xml:24:13-93
224            android:excludeFromRecents="true"
224-->[com.google.android.gms:play-services-auth:21.2.0] AndroidManifest.xml:25:13-46
225            android:exported="false"
225-->[com.google.android.gms:play-services-auth:21.2.0] AndroidManifest.xml:26:13-37
226            android:theme="@android:style/Theme.Translucent.NoTitleBar" />
226-->[com.google.android.gms:play-services-auth:21.2.0] AndroidManifest.xml:27:13-72
227        <!--
228            Service handling Google Sign-In user revocation. For apps that do not integrate with
229            Google Sign-In, this service will never be started.
230        -->
231        <service
231-->[com.google.android.gms:play-services-auth:21.2.0] AndroidManifest.xml:33:9-37:51
232            android:name="com.google.android.gms.auth.api.signin.RevocationBoundService"
232-->[com.google.android.gms:play-services-auth:21.2.0] AndroidManifest.xml:34:13-89
233            android:exported="true"
233-->[com.google.android.gms:play-services-auth:21.2.0] AndroidManifest.xml:35:13-36
234            android:permission="com.google.android.gms.auth.api.signin.permission.REVOCATION_NOTIFICATION"
234-->[com.google.android.gms:play-services-auth:21.2.0] AndroidManifest.xml:36:13-107
235            android:visibleToInstantApps="true" /> <!-- Needs to be explicitly declared on P+ -->
235-->[com.google.android.gms:play-services-auth:21.2.0] AndroidManifest.xml:37:13-48
236        <uses-library
236-->[com.google.android.gms:play-services-maps:18.2.0] AndroidManifest.xml:39:9-41:40
237            android:name="org.apache.http.legacy"
237-->[com.google.android.gms:play-services-maps:18.2.0] AndroidManifest.xml:40:13-50
238            android:required="false" />
238-->[com.google.android.gms:play-services-maps:18.2.0] AndroidManifest.xml:41:13-37
239
240        <receiver
240-->[com.google.android.gms:play-services-measurement:22.1.2] AndroidManifest.xml:29:9-33:20
241            android:name="com.google.android.gms.measurement.AppMeasurementReceiver"
241-->[com.google.android.gms:play-services-measurement:22.1.2] AndroidManifest.xml:30:13-85
242            android:enabled="true"
242-->[com.google.android.gms:play-services-measurement:22.1.2] AndroidManifest.xml:31:13-35
243            android:exported="false" >
243-->[com.google.android.gms:play-services-measurement:22.1.2] AndroidManifest.xml:32:13-37
244        </receiver>
245
246        <service
246-->[com.google.android.gms:play-services-measurement:22.1.2] AndroidManifest.xml:35:9-38:40
247            android:name="com.google.android.gms.measurement.AppMeasurementService"
247-->[com.google.android.gms:play-services-measurement:22.1.2] AndroidManifest.xml:36:13-84
248            android:enabled="true"
248-->[com.google.android.gms:play-services-measurement:22.1.2] AndroidManifest.xml:37:13-35
249            android:exported="false" />
249-->[com.google.android.gms:play-services-measurement:22.1.2] AndroidManifest.xml:38:13-37
250        <service
250-->[com.google.android.gms:play-services-measurement:22.1.2] AndroidManifest.xml:39:9-43:72
251            android:name="com.google.android.gms.measurement.AppMeasurementJobService"
251-->[com.google.android.gms:play-services-measurement:22.1.2] AndroidManifest.xml:40:13-87
252            android:enabled="true"
252-->[com.google.android.gms:play-services-measurement:22.1.2] AndroidManifest.xml:41:13-35
253            android:exported="false"
253-->[com.google.android.gms:play-services-measurement:22.1.2] AndroidManifest.xml:42:13-37
254            android:permission="android.permission.BIND_JOB_SERVICE" />
254-->[com.google.android.gms:play-services-measurement:22.1.2] AndroidManifest.xml:43:13-69
255
256        <property
256-->[com.google.android.gms:play-services-measurement-api:22.1.2] AndroidManifest.xml:30:9-32:61
257            android:name="android.adservices.AD_SERVICES_CONFIG"
257-->[com.google.android.gms:play-services-measurement-api:22.1.2] AndroidManifest.xml:31:13-65
258            android:resource="@xml/ga_ad_services_config" />